Release 9.2.04i - xst J.40
Copyright (c) 1995-2007 Xilinx, Inc.  All rights reserved.
--> Parameter TMPDIR set to ./xst/projnav.tmp
CPU : 0.00 / 0.07 s | Elapsed : 0.00 / 0.00 s
 
--> Parameter xsthdpdir set to ./xst
CPU : 0.00 / 0.07 s | Elapsed : 0.00 / 0.00 s
 
--> Reading design: intercon_div_frec.prj

TABLE OF CONTENTS
  1) Synthesis Options Summary
  2) HDL Compilation
  3) Design Hierarchy Analysis
  4) HDL Analysis
  5) HDL Synthesis
     5.1) HDL Synthesis Report
  6) Advanced HDL Synthesis
     6.1) Advanced HDL Synthesis Report
  7) Low Level Synthesis
  8) Partition Report
  9) Final Report
     9.1) Device utilization summary
     9.2) Partition Resource Summary
     9.3) TIMING REPORT


=========================================================================
*                      Synthesis Options Summary                        *
=========================================================================
---- Source Parameters
Input File Name                    : "intercon_div_frec.prj"
Input Format                       : mixed
Ignore Synthesis Constraint File   : NO

---- Target Parameters
Output File Name                   : "intercon_div_frec"
Output Format                      : NGC
Target Device                      : xa3s50-4-vqg100

---- Source Options
Top Module Name                    : intercon_div_frec
Automatic FSM Extraction           : YES
FSM Encoding Algorithm             : Auto
Safe Implementation                : No
FSM Style                          : lut
RAM Extraction                     : Yes
RAM Style                          : Auto
ROM Extraction                     : Yes
Mux Style                          : Auto
Decoder Extraction                 : YES
Priority Encoder Extraction        : YES
Shift Register Extraction          : YES
Logical Shifter Extraction         : YES
XOR Collapsing                     : YES
ROM Style                          : Auto
Mux Extraction                     : YES
Resource Sharing                   : YES
Asynchronous To Synchronous        : NO
Multiplier Style                   : auto
Automatic Register Balancing       : No

---- Target Options
Add IO Buffers                     : YES
Global Maximum Fanout              : 500
Add Generic Clock Buffer(BUFG)     : 8
Register Duplication               : YES
Slice Packing                      : YES
Optimize Instantiated Primitives   : NO
Use Clock Enable                   : Yes
Use Synchronous Set                : Yes
Use Synchronous Reset              : Yes
Pack IO Registers into IOBs        : auto
Equivalent register Removal        : YES

---- General Options
Optimization Goal                  : Speed
Optimization Effort                : 1
Library Search Order               : intercon_div_frec.lso
Keep Hierarchy                     : NO
RTL Output                         : Yes
Global Optimization                : AllClockNets
Read Cores                         : YES
Write Timing Constraints           : NO
Cross Clock Analysis               : NO
Hierarchy Separator                : /
Bus Delimiter                      : <>
Case Specifier                     : maintain
Slice Utilization Ratio            : 100
BRAM Utilization Ratio             : 100
Verilog 2001                       : YES
Auto BRAM Packing                  : NO
Slice Utilization Ratio Delta      : 5

=========================================================================


=========================================================================
*                          HDL Compilation                              *
=========================================================================
Compiling vhdl file "E:/Facultate/1.2/Proiectare Logica/Lab/intercon_div_frec/intercon_div_frec.vhd" in Library work.
Architecture behavioral of Entity intercon_div_frec is up to date.

=========================================================================
*                     Design Hierarchy Analysis                         *
=========================================================================
Analyzing hierarchy for entity <intercon_div_frec> in library <work> (architecture <behavioral>).


=========================================================================
*                            HDL Analysis                               *
=========================================================================
Analyzing Entity <intercon_div_frec> in library <work> (Architecture <behavioral>).
Entity <intercon_div_frec> analyzed. Unit <intercon_div_frec> generated.


=========================================================================
*                           HDL Synthesis                               *
=========================================================================

Performing bidirectional port resolution...

Synthesizing Unit <intercon_div_frec>.
    Related source file is "E:/Facultate/1.2/Proiectare Logica/Lab/intercon_div_frec/intercon_div_frec.vhd".
    Found 2-bit up counter for signal <saQ3>.
    Found 2-bit up counter for signal <saQ4>.
    Found 3-bit up counter for signal <saQ7>.
    Summary:
	inferred   3 Counter(s).
Unit <intercon_div_frec> synthesized.


=========================================================================
HDL Synthesis Report

Macro Statistics
# Counters                                             : 3
 2-bit up counter                                      : 2
 3-bit up counter                                      : 1

=========================================================================

=========================================================================
*                       Advanced HDL Synthesis                          *
=========================================================================

Loading device for application Rf_Device from file '3s50.nph' in environment C:\Xilinx92i.

=========================================================================
Advanced HDL Synthesis Report

Macro Statistics
# Counters                                             : 3
 2-bit up counter                                      : 2
 3-bit up counter                                      : 1

=========================================================================

=========================================================================
*                         Low Level Synthesis                           *
=========================================================================

Optimizing unit <intercon_div_frec> ...

Mapping all equations...
Building and optimizing final netlist ...
Found area constraint ratio of 100 (+ 5) on block intercon_div_frec, actual ratio is 0.

Final Macro Processing ...

=========================================================================
Final Register Report

Macro Statistics
# Registers                                            : 7
 Flip-Flops                                            : 7

=========================================================================

=========================================================================
*                          Partition Report                             *
=========================================================================

Partition Implementation Status
-------------------------------

  No Partitions were found in this design.

-------------------------------

=========================================================================
*                            Final Report                               *
=========================================================================
Final Results
RTL Top Level Output File Name     : intercon_div_frec.ngr
Top Level Output File Name         : intercon_div_frec
Output Format                      : NGC
Optimization Goal                  : Speed
Keep Hierarchy                     : NO

Design Statistics
# IOs                              : 4

Cell Usage :
# BELS                             : 18
#      INV                         : 1
#      LUT2                        : 3
#      LUT2_D                      : 1
#      LUT3                        : 4
#      LUT4                        : 5
#      LUT4_D                      : 1
#      LUT4_L                      : 2
#      MUXF5                       : 1
# FlipFlops/Latches                : 7
#      FDCE                        : 7
# Clock Buffers                    : 1
#      BUFGP                       : 1
# IO Buffers                       : 3
#      IBUF                        : 2
#      OBUF                        : 1
=========================================================================

Device utilization summary:
---------------------------

Selected Device : xa3s50vqg100-4 

 Number of Slices:                       8  out of    768     1%  
 Number of Slice Flip Flops:             7  out of   1536     0%  
 Number of 4 input LUTs:                17  out of   1536     1%  
 Number of IOs:                          4
 Number of bonded IOBs:                  4  out of     63     6%  
 Number of GCLKs:                        1  out of      8    12%  

---------------------------
Partition Resource Summary:
---------------------------

  No Partitions were found in this design.

---------------------------


=========================================================================
TIMING REPORT

NOTE: THESE TIMING NUMBERS ARE ONLY A SYNTHESIS ESTIMATE.
      FOR ACCURATE TIMING INFORMATION PLEASE REFER TO THE TRACE REPORT
      GENERATED AFTER PLACE-and-ROUTE.

Clock Information:
------------------
-----------------------------------+------------------------+-------+
Clock Signal                       | Clock buffer(FF name)  | Load  |
-----------------------------------+------------------------+-------+
iClk                               | BUFGP                  | 7     |
-----------------------------------+------------------------+-------+

Asynchronous Control Signals Information:
----------------------------------------
-----------------------------------+------------------------+-------+
Control Signal                     | Buffer(FF name)        | Load  |
-----------------------------------+------------------------+-------+
iReset                             | IBUF                   | 7     |
-----------------------------------+------------------------+-------+

Timing Summary:
---------------
Speed Grade: -4

   Minimum period: 4.886ns (Maximum Frequency: 204.666MHz)
   Minimum input arrival time before clock: 4.476ns
   Maximum output required time after clock: 10.396ns
   Maximum combinational path delay: No path found

Timing Detail:
--------------
All values displayed in nanoseconds (ns)

=========================================================================
Timing constraint: Default period analysis for Clock 'iClk'
  Clock period: 4.886ns (frequency: 204.666MHz)
  Total number of paths / destination ports: 49 / 12
-------------------------------------------------------------------------
Delay:               4.886ns (Levels of Logic = 2)
  Source:            saQ4_1 (FF)
  Destination:       saQ7_0 (FF)
  Source Clock:      iClk rising
  Destination Clock: iClk rising

  Data Path: saQ4_1 to saQ7_0
                                Gate     Net
    Cell:in->out      fanout   Delay   Delay  Logical Name (Net Name)
    ----------------------------------------  ------------
     FDCE:C->Q             5   0.720   1.260  saQ4_1 (saQ4_1)
     LUT4_D:I0->LO         1   0.551   0.295  sCY7_and000011 (N29)
     LUT2:I1->O            3   0.551   0.907  saQ7_not00011 (saQ7_not0001)
     FDCE:CE                   0.602          saQ7_0
    ----------------------------------------
    Total                      4.886ns (2.424ns logic, 2.462ns route)
                                       (49.6% logic, 50.4% route)

=========================================================================
Timing constraint: Default OFFSET IN BEFORE for Clock 'iClk'
  Total number of paths / destination ports: 12 / 12
-------------------------------------------------------------------------
Offset:              4.476ns (Levels of Logic = 3)
  Source:            iE (PAD)
  Destination:       saQ7_1 (FF)
  Destination Clock: iClk rising

  Data Path: iE to saQ7_1
                                Gate     Net
    Cell:in->out      fanout   Delay   Delay  Logical Name (Net Name)
    ----------------------------------------  ------------
     IBUF:I->O             7   0.821   1.405  iE_IBUF (iE_IBUF)
     LUT2_D:I0->O          2   0.551   0.945  Mcount_saQ7_xor<2>11_SW0 (N18)
     LUT4:I2->O            1   0.551   0.000  Mcount_saQ7_xor<1>11 (Mcount_saQ73)
     FDCE:D                    0.203          saQ7_1
    ----------------------------------------
    Total                      4.476ns (2.126ns logic, 2.350ns route)
                                       (47.5% logic, 52.5% route)

=========================================================================
Timing constraint: Default OFFSET OUT AFTER for Clock 'iClk'
  Total number of paths / destination ports: 7 / 1
-------------------------------------------------------------------------
Offset:              10.396ns (Levels of Logic = 3)
  Source:            saQ4_1 (FF)
  Destination:       oCY (PAD)
  Source Clock:      iClk rising

  Data Path: saQ4_1 to oCY
                                Gate     Net
    Cell:in->out      fanout   Delay   Delay  Logical Name (Net Name)
    ----------------------------------------  ------------
     FDCE:C->Q             5   0.720   1.260  saQ4_1 (saQ4_1)
     LUT4_D:I0->O          1   0.551   0.869  sCY7_and000011 (N5)
     LUT4:I2->O            1   0.551   0.801  sCY7_and00002 (oCY_OBUF)
     OBUF:I->O                 5.644          oCY_OBUF (oCY)
    ----------------------------------------
    Total                     10.396ns (7.466ns logic, 2.930ns route)
                                       (71.8% logic, 28.2% route)

=========================================================================
CPU : 1.70 / 1.78 s | Elapsed : 1.00 / 1.00 s
 
--> 

Total memory usage is 163892 kilobytes

Number of errors   :    0 (   0 filtered)
Number of warnings :    0 (   0 filtered)
Number of infos    :    0 (   0 filtered)

