Release 9.2.04i - xst J.40
Copyright (c) 1995-2007 Xilinx, Inc.  All rights reserved.
--> Parameter TMPDIR set to ./xst/projnav.tmp
CPU : 0.00 / 0.09 s | Elapsed : 0.00 / 0.00 s
 
--> Parameter xsthdpdir set to ./xst
CPU : 0.00 / 0.09 s | Elapsed : 0.00 / 0.00 s
 
--> Reading design: RSD_2_biti_moore.prj

TABLE OF CONTENTS
  1) Synthesis Options Summary
  2) HDL Compilation
  3) Design Hierarchy Analysis
  4) HDL Analysis
  5) HDL Synthesis
     5.1) HDL Synthesis Report
  6) Advanced HDL Synthesis
     6.1) Advanced HDL Synthesis Report
  7) Low Level Synthesis
  8) Partition Report
  9) Final Report
     9.1) Device utilization summary
     9.2) Partition Resource Summary
     9.3) TIMING REPORT


=========================================================================
*                      Synthesis Options Summary                        *
=========================================================================
---- Source Parameters
Input File Name                    : "RSD_2_biti_moore.prj"
Input Format                       : mixed
Ignore Synthesis Constraint File   : NO

---- Target Parameters
Output File Name                   : "RSD_2_biti_moore"
Output Format                      : NGC
Target Device                      : xa3s50-4-vqg100

---- Source Options
Top Module Name                    : RSD_2_biti_moore
Automatic FSM Extraction           : YES
FSM Encoding Algorithm             : Auto
Safe Implementation                : No
FSM Style                          : lut
RAM Extraction                     : Yes
RAM Style                          : Auto
ROM Extraction                     : Yes
Mux Style                          : Auto
Decoder Extraction                 : YES
Priority Encoder Extraction        : YES
Shift Register Extraction          : YES
Logical Shifter Extraction         : YES
XOR Collapsing                     : YES
ROM Style                          : Auto
Mux Extraction                     : YES
Resource Sharing                   : YES
Asynchronous To Synchronous        : NO
Multiplier Style                   : auto
Automatic Register Balancing       : No

---- Target Options
Add IO Buffers                     : YES
Global Maximum Fanout              : 500
Add Generic Clock Buffer(BUFG)     : 8
Register Duplication               : YES
Slice Packing                      : YES
Optimize Instantiated Primitives   : NO
Use Clock Enable                   : Yes
Use Synchronous Set                : Yes
Use Synchronous Reset              : Yes
Pack IO Registers into IOBs        : auto
Equivalent register Removal        : YES

---- General Options
Optimization Goal                  : Speed
Optimization Effort                : 1
Library Search Order               : RSD_2_biti_moore.lso
Keep Hierarchy                     : NO
RTL Output                         : Yes
Global Optimization                : AllClockNets
Read Cores                         : YES
Write Timing Constraints           : NO
Cross Clock Analysis               : NO
Hierarchy Separator                : /
Bus Delimiter                      : <>
Case Specifier                     : maintain
Slice Utilization Ratio            : 100
BRAM Utilization Ratio             : 100
Verilog 2001                       : YES
Auto BRAM Packing                  : NO
Slice Utilization Ratio Delta      : 5

=========================================================================


=========================================================================
*                          HDL Compilation                              *
=========================================================================
Compiling vhdl file "E:/Facultate/1.2/Proiectare Logica/Lab/rec_sec_din_mealy)/RSD_2_biti_moore/RSD_2_biti_moore.vhd" in Library work.
Architecture behavioral of Entity rsd_2_biti_moore is up to date.

=========================================================================
*                     Design Hierarchy Analysis                         *
=========================================================================
Analyzing hierarchy for entity <RSD_2_biti_moore> in library <work> (architecture <behavioral>).


=========================================================================
*                            HDL Analysis                               *
=========================================================================
Analyzing Entity <RSD_2_biti_moore> in library <work> (Architecture <behavioral>).
Entity <RSD_2_biti_moore> analyzed. Unit <RSD_2_biti_moore> generated.


=========================================================================
*                           HDL Synthesis                               *
=========================================================================

Performing bidirectional port resolution...

Synthesizing Unit <RSD_2_biti_moore>.
    Related source file is "E:/Facultate/1.2/Proiectare Logica/Lab/rec_sec_din_mealy)/RSD_2_biti_moore/RSD_2_biti_moore.vhd".
    Found finite state machine <FSM_0> for signal <saStarePrezenta>.
    -----------------------------------------------------------------------
    | States             | 6                                              |
    | Transitions        | 29                                             |
    | Inputs             | 5                                              |
    | Outputs            | 4                                              |
    | Clock              | iClk (rising_edge)                             |
    | Reset              | iINIT (positive)                               |
    | Reset type         | asynchronous                                   |
    | Reset State        | s0                                             |
    | Power Up State     | s0                                             |
    | Encoding           | automatic                                      |
    | Implementation     | LUT                                            |
    -----------------------------------------------------------------------
    Summary:
	inferred   1 Finite State Machine(s).
Unit <RSD_2_biti_moore> synthesized.


=========================================================================
HDL Synthesis Report

Found no macro
=========================================================================

=========================================================================
*                       Advanced HDL Synthesis                          *
=========================================================================

Analyzing FSM <FSM_0> for best encoding.
Optimizing FSM <saStarePrezenta> on signal <saStarePrezenta[1:3]> with sequential encoding.
-------------------
 State | Encoding
-------------------
 s0    | 000
 s1    | 001
 s2    | 010
 s3    | 011
 s4    | 100
 s5    | 101
-------------------
Loading device for application Rf_Device from file '3s50.nph' in environment C:\Xilinx92i.

=========================================================================
Advanced HDL Synthesis Report

Macro Statistics
# FSMs                                                 : 1
# Registers                                            : 3
 Flip-Flops                                            : 3

=========================================================================

=========================================================================
*                         Low Level Synthesis                           *
=========================================================================

Optimizing unit <RSD_2_biti_moore> ...

Mapping all equations...
Building and optimizing final netlist ...
Found area constraint ratio of 100 (+ 5) on block RSD_2_biti_moore, actual ratio is 0.

Final Macro Processing ...

=========================================================================
Final Register Report

Macro Statistics
# Registers                                            : 3
 Flip-Flops                                            : 3

=========================================================================

=========================================================================
*                          Partition Report                             *
=========================================================================

Partition Implementation Status
-------------------------------

  No Partitions were found in this design.

-------------------------------

=========================================================================
*                            Final Report                               *
=========================================================================
Final Results
RTL Top Level Output File Name     : RSD_2_biti_moore.ngr
Top Level Output File Name         : RSD_2_biti_moore
Output Format                      : NGC
Optimization Goal                  : Speed
Keep Hierarchy                     : NO

Design Statistics
# IOs                              : 5

Cell Usage :
# BELS                             : 8
#      LUT2                        : 3
#      LUT3_L                      : 2
#      LUT4                        : 3
# FlipFlops/Latches                : 3
#      FDC                         : 3
# Clock Buffers                    : 1
#      BUFGP                       : 1
# IO Buffers                       : 4
#      IBUF                        : 3
#      OBUF                        : 1
=========================================================================

Device utilization summary:
---------------------------

Selected Device : xa3s50vqg100-4 

 Number of Slices:                       4  out of    768     0%  
 Number of Slice Flip Flops:             3  out of   1536     0%  
 Number of 4 input LUTs:                 8  out of   1536     0%  
 Number of IOs:                          5
 Number of bonded IOBs:                  5  out of     63     7%  
 Number of GCLKs:                        1  out of      8    12%  

---------------------------
Partition Resource Summary:
---------------------------

  No Partitions were found in this design.

---------------------------


=========================================================================
TIMING REPORT

NOTE: THESE TIMING NUMBERS ARE ONLY A SYNTHESIS ESTIMATE.
      FOR ACCURATE TIMING INFORMATION PLEASE REFER TO THE TRACE REPORT
      GENERATED AFTER PLACE-and-ROUTE.

Clock Information:
------------------
-----------------------------------+------------------------+-------+
Clock Signal                       | Clock buffer(FF name)  | Load  |
-----------------------------------+------------------------+-------+
iClk                               | BUFGP                  | 3     |
-----------------------------------+------------------------+-------+

Asynchronous Control Signals Information:
----------------------------------------
-----------------------------------+------------------------+-------+
Control Signal                     | Buffer(FF name)        | Load  |
-----------------------------------+------------------------+-------+
iINIT                              | IBUF                   | 3     |
-----------------------------------+------------------------+-------+

Timing Summary:
---------------
Speed Grade: -4

   Minimum period: 3.126ns (Maximum Frequency: 319.898MHz)
   Minimum input arrival time before clock: 4.255ns
   Maximum output required time after clock: 8.972ns
   Maximum combinational path delay: No path found

Timing Detail:
--------------
All values displayed in nanoseconds (ns)

=========================================================================
Timing constraint: Default period analysis for Clock 'iClk'
  Clock period: 3.126ns (frequency: 319.898MHz)
  Total number of paths / destination ports: 8 / 3
-------------------------------------------------------------------------
Delay:               3.126ns (Levels of Logic = 2)
  Source:            saStarePrezenta_FFd1 (FF)
  Destination:       saStarePrezenta_FFd2 (FF)
  Source Clock:      iClk rising
  Destination Clock: iClk rising

  Data Path: saStarePrezenta_FFd1 to saStarePrezenta_FFd2
                                Gate     Net
    Cell:in->out      fanout   Delay   Delay  Logical Name (Net Name)
    ----------------------------------------  ------------
     FDC:C->Q              3   0.720   0.975  saStarePrezenta_FFd1 (saStarePrezenta_FFd1)
     LUT3_L:I2->LO         1   0.551   0.126  saStarePrezenta_FFd1-In_SW0 (N5)
     LUT4:I3->O            1   0.551   0.000  saStarePrezenta_FFd1-In (saStarePrezenta_FFd1-In)
     FDC:D                     0.203          saStarePrezenta_FFd1
    ----------------------------------------
    Total                      3.126ns (2.025ns logic, 1.101ns route)
                                       (64.8% logic, 35.2% route)

=========================================================================
Timing constraint: Default OFFSET IN BEFORE for Clock 'iClk'
  Total number of paths / destination ports: 10 / 3
-------------------------------------------------------------------------
Offset:              4.255ns (Levels of Logic = 3)
  Source:            iData<0> (PAD)
  Destination:       saStarePrezenta_FFd2 (FF)
  Destination Clock: iClk rising

  Data Path: iData<0> to saStarePrezenta_FFd2
                                Gate     Net
    Cell:in->out      fanout   Delay   Delay  Logical Name (Net Name)
    ----------------------------------------  ------------
     IBUF:I->O             5   0.821   1.260  iData_0_IBUF (iData_0_IBUF)
     LUT2:I0->O            1   0.551   0.869  saStarePrezenta_FFd2-In_SW0 (N8)
     LUT4:I2->O            1   0.551   0.000  saStarePrezenta_FFd2-In (saStarePrezenta_FFd2-In)
     FDC:D                     0.203          saStarePrezenta_FFd2
    ----------------------------------------
    Total                      4.255ns (2.126ns logic, 2.129ns route)
                                       (50.0% logic, 50.0% route)

=========================================================================
Timing constraint: Default OFFSET OUT AFTER for Clock 'iClk'
  Total number of paths / destination ports: 2 / 1
-------------------------------------------------------------------------
Offset:              8.972ns (Levels of Logic = 2)
  Source:            saStarePrezenta_FFd3 (FF)
  Destination:       oRec (PAD)
  Source Clock:      iClk rising

  Data Path: saStarePrezenta_FFd3 to oRec
                                Gate     Net
    Cell:in->out      fanout   Delay   Delay  Logical Name (Net Name)
    ----------------------------------------  ------------
     FDC:C->Q              4   0.720   1.256  saStarePrezenta_FFd3 (saStarePrezenta_FFd3)
     LUT2:I0->O            1   0.551   0.801  saStarePrezenta_Out01 (oRec_OBUF)
     OBUF:I->O                 5.644          oRec_OBUF (oRec)
    ----------------------------------------
    Total                      8.972ns (6.915ns logic, 2.057ns route)
                                       (77.1% logic, 22.9% route)

=========================================================================
CPU : 2.02 / 2.13 s | Elapsed : 2.00 / 2.00 s
 
--> 

Total memory usage is 164084 kilobytes

Number of errors   :    0 (   0 filtered)
Number of warnings :    0 (   0 filtered)
Number of infos    :    0 (   0 filtered)

