Release 9.2.04i - xst J.40
Copyright (c) 1995-2007 Xilinx, Inc.  All rights reserved.
--> Parameter TMPDIR set to ./xst/projnav.tmp
CPU : 0.00 / 0.07 s | Elapsed : 0.00 / 0.00 s
 
--> Parameter xsthdpdir set to ./xst
CPU : 0.00 / 0.07 s | Elapsed : 0.00 / 0.00 s
 
--> Reading design: bilet_20.prj

TABLE OF CONTENTS
  1) Synthesis Options Summary
  2) HDL Compilation
  3) Design Hierarchy Analysis
  4) HDL Analysis
  5) HDL Synthesis
     5.1) HDL Synthesis Report
  6) Advanced HDL Synthesis
     6.1) Advanced HDL Synthesis Report
  7) Low Level Synthesis
  8) Partition Report
  9) Final Report
     9.1) Device utilization summary
     9.2) Partition Resource Summary
     9.3) TIMING REPORT


=========================================================================
*                      Synthesis Options Summary                        *
=========================================================================
---- Source Parameters
Input File Name                    : "bilet_20.prj"
Input Format                       : mixed
Ignore Synthesis Constraint File   : NO

---- Target Parameters
Output File Name                   : "bilet_20"
Output Format                      : NGC
Target Device                      : xa3s50-4-vqg100

---- Source Options
Top Module Name                    : bilet_20
Automatic FSM Extraction           : YES
FSM Encoding Algorithm             : Auto
Safe Implementation                : No
FSM Style                          : lut
RAM Extraction                     : Yes
RAM Style                          : Auto
ROM Extraction                     : Yes
Mux Style                          : Auto
Decoder Extraction                 : YES
Priority Encoder Extraction        : YES
Shift Register Extraction          : YES
Logical Shifter Extraction         : YES
XOR Collapsing                     : YES
ROM Style                          : Auto
Mux Extraction                     : YES
Resource Sharing                   : YES
Asynchronous To Synchronous        : NO
Multiplier Style                   : auto
Automatic Register Balancing       : No

---- Target Options
Add IO Buffers                     : YES
Global Maximum Fanout              : 500
Add Generic Clock Buffer(BUFG)     : 8
Register Duplication               : YES
Slice Packing                      : YES
Optimize Instantiated Primitives   : NO
Use Clock Enable                   : Yes
Use Synchronous Set                : Yes
Use Synchronous Reset              : Yes
Pack IO Registers into IOBs        : auto
Equivalent register Removal        : YES

---- General Options
Optimization Goal                  : Speed
Optimization Effort                : 1
Library Search Order               : bilet_20.lso
Keep Hierarchy                     : NO
RTL Output                         : Yes
Global Optimization                : AllClockNets
Read Cores                         : YES
Write Timing Constraints           : NO
Cross Clock Analysis               : NO
Hierarchy Separator                : /
Bus Delimiter                      : <>
Case Specifier                     : maintain
Slice Utilization Ratio            : 100
BRAM Utilization Ratio             : 100
Verilog 2001                       : YES
Auto BRAM Packing                  : NO
Slice Utilization Ratio Delta      : 5

=========================================================================


=========================================================================
*                          HDL Compilation                              *
=========================================================================
Compiling vhdl file "E:/Facultate/1.2/Proiectare Logica/Lab/bilet_20/bilet_20.vhd" in Library work.
Architecture behavioral of Entity bilet_20 is up to date.

=========================================================================
*                     Design Hierarchy Analysis                         *
=========================================================================
Analyzing hierarchy for entity <bilet_20> in library <work> (architecture <behavioral>).


=========================================================================
*                            HDL Analysis                               *
=========================================================================
Analyzing Entity <bilet_20> in library <work> (Architecture <behavioral>).
Entity <bilet_20> analyzed. Unit <bilet_20> generated.


=========================================================================
*                           HDL Synthesis                               *
=========================================================================

Performing bidirectional port resolution...

Synthesizing Unit <bilet_20>.
    Related source file is "E:/Facultate/1.2/Proiectare Logica/Lab/bilet_20/bilet_20.vhd".
    Found 8-bit register for signal <saQ>.
    Summary:
	inferred   8 D-type flip-flop(s).
Unit <bilet_20> synthesized.


=========================================================================
HDL Synthesis Report

Macro Statistics
# Registers                                            : 1
 8-bit register                                        : 1

=========================================================================

=========================================================================
*                       Advanced HDL Synthesis                          *
=========================================================================

Loading device for application Rf_Device from file '3s50.nph' in environment C:\Xilinx92i.

=========================================================================
Advanced HDL Synthesis Report

Macro Statistics
# Registers                                            : 8
 Flip-Flops                                            : 8

=========================================================================

=========================================================================
*                         Low Level Synthesis                           *
=========================================================================

Optimizing unit <bilet_20> ...

Mapping all equations...
Building and optimizing final netlist ...
Found area constraint ratio of 100 (+ 5) on block bilet_20, actual ratio is 1.

Final Macro Processing ...

=========================================================================
Final Register Report

Macro Statistics
# Registers                                            : 8
 Flip-Flops                                            : 8

=========================================================================

=========================================================================
*                          Partition Report                             *
=========================================================================

Partition Implementation Status
-------------------------------

  No Partitions were found in this design.

-------------------------------

=========================================================================
*                            Final Report                               *
=========================================================================
Final Results
RTL Top Level Output File Name     : bilet_20.ngr
Top Level Output File Name         : bilet_20
Output Format                      : NGC
Optimization Goal                  : Speed
Keep Hierarchy                     : NO

Design Statistics
# IOs                              : 19

Cell Usage :
# BELS                             : 16
#      LUT3_L                      : 8
#      LUT4                        : 8
# FlipFlops/Latches                : 8
#      FD                          : 8
# Clock Buffers                    : 1
#      BUFGP                       : 1
# IO Buffers                       : 18
#      IBUF                        : 10
#      OBUF                        : 8
=========================================================================

Device utilization summary:
---------------------------

Selected Device : xa3s50vqg100-4 

 Number of Slices:                       8  out of    768     1%  
 Number of Slice Flip Flops:             8  out of   1536     0%  
 Number of 4 input LUTs:                16  out of   1536     1%  
 Number of IOs:                         19
 Number of bonded IOBs:                 19  out of     63    30%  
 Number of GCLKs:                        1  out of      8    12%  

---------------------------
Partition Resource Summary:
---------------------------

  No Partitions were found in this design.

---------------------------


=========================================================================
TIMING REPORT

NOTE: THESE TIMING NUMBERS ARE ONLY A SYNTHESIS ESTIMATE.
      FOR ACCURATE TIMING INFORMATION PLEASE REFER TO THE TRACE REPORT
      GENERATED AFTER PLACE-and-ROUTE.

Clock Information:
------------------
-----------------------------------+------------------------+-------+
Clock Signal                       | Clock buffer(FF name)  | Load  |
-----------------------------------+------------------------+-------+
iClk                               | BUFGP                  | 8     |
-----------------------------------+------------------------+-------+

Asynchronous Control Signals Information:
----------------------------------------
No asynchronous control signals found in this design

Timing Summary:
---------------
Speed Grade: -4

   Minimum period: 3.126ns (Maximum Frequency: 319.898MHz)
   Minimum input arrival time before clock: 3.565ns
   Maximum output required time after clock: 7.271ns
   Maximum combinational path delay: No path found

Timing Detail:
--------------
All values displayed in nanoseconds (ns)

=========================================================================
Timing constraint: Default period analysis for Clock 'iClk'
  Clock period: 3.126ns (frequency: 319.898MHz)
  Total number of paths / destination ports: 16 / 8
-------------------------------------------------------------------------
Delay:               3.126ns (Levels of Logic = 2)
  Source:            saQ_1 (FF)
  Destination:       saQ_0 (FF)
  Source Clock:      iClk rising
  Destination Clock: iClk rising

  Data Path: saQ_1 to saQ_0
                                Gate     Net
    Cell:in->out      fanout   Delay   Delay  Logical Name (Net Name)
    ----------------------------------------  ------------
     FD:C->Q               3   0.720   0.975  saQ_1 (saQ_1)
     LUT3_L:I2->LO         1   0.551   0.126  saD<0>_SW0 (N17)
     LUT4:I3->O            1   0.551   0.000  saD<0> (saD<0>)
     FD:D                      0.203          saQ_0
    ----------------------------------------
    Total                      3.126ns (2.025ns logic, 1.101ns route)
                                       (64.8% logic, 35.2% route)

=========================================================================
Timing constraint: Default OFFSET IN BEFORE for Clock 'iClk'
  Total number of paths / destination ports: 32 / 8
-------------------------------------------------------------------------
Offset:              3.565ns (Levels of Logic = 3)
  Source:            iC0 (PAD)
  Destination:       saQ_0 (FF)
  Destination Clock: iClk rising

  Data Path: iC0 to saQ_0
                                Gate     Net
    Cell:in->out      fanout   Delay   Delay  Logical Name (Net Name)
    ----------------------------------------  ------------
     IBUF:I->O            12   0.821   1.313  iC0_IBUF (iC0_IBUF)
     LUT3_L:I1->LO         1   0.551   0.126  saD<7>_SW0 (N31)
     LUT4:I3->O            1   0.551   0.000  saD<7> (saD<7>)
     FD:D                      0.203          saQ_7
    ----------------------------------------
    Total                      3.565ns (2.126ns logic, 1.439ns route)
                                       (59.6% logic, 40.4% route)

=========================================================================
Timing constraint: Default OFFSET OUT AFTER for Clock 'iClk'
  Total number of paths / destination ports: 8 / 8
-------------------------------------------------------------------------
Offset:              7.271ns (Levels of Logic = 1)
  Source:            saQ_7 (FF)
  Destination:       oaQ<7> (PAD)
  Source Clock:      iClk rising

  Data Path: saQ_7 to oaQ<7>
                                Gate     Net
    Cell:in->out      fanout   Delay   Delay  Logical Name (Net Name)
    ----------------------------------------  ------------
     FD:C->Q               3   0.720   0.907  saQ_7 (saQ_7)
     OBUF:I->O                 5.644          oaQ_7_OBUF (oaQ<7>)
    ----------------------------------------
    Total                      7.271ns (6.364ns logic, 0.907ns route)
                                       (87.5% logic, 12.5% route)

=========================================================================
CPU : 1.66 / 1.73 s | Elapsed : 2.00 / 2.00 s
 
--> 

Total memory usage is 163636 kilobytes

Number of errors   :    0 (   0 filtered)
Number of warnings :    0 (   0 filtered)
Number of infos    :    0 (   0 filtered)

